<component name="libraryTable">
  <library name="junit-4.11">
    <CLASSES>
      <root url="jar://$PROJECT_DIR$/lib/junit-4.11.jar!/" />
      <root url="jar://$USER_HOME$/Downloads/mockito-all-1.9.0.jar!/" />
    </CLASSES>
    <JAVADOC />
    <SOURCES>
      <root url="jar://$USER_HOME$/Downloads/mockito-all-1.9.0.jar!/" />
    </SOURCES>
  </library>
</component>